p/ZDCJO7SBOBEIZAMKNV3IPRRUKM.jpg 1 0 0 38 21
p/stop-arret-solution-ticket.jpg 1 0 0 38 25
p/stop-one-way-sign-16787629.jpg 1 0 0 38 25
p/stop-sign-against-blue-sky-5392658.jpg 1 0 0 38 25
p/stop-sign-along-country-road_Getty-680x402.jpg 1 0 0 38 22
p/stop-sign-with-wind-holes-62645-lg.jpg 1 0 0 38 38
p/stop-sign.jpg 1 0 0 38 28
p/1649026576487.jpg 1 0 0 38 25
p/1649026576501.jpg 1 0 0 38 25
p/KF5JGCXI4JBDLFUIUXK5XSMWDQ.jpg 1 0 0 38 25
p/STOP_sign.jpg 1 0 0 38 41
p/images.jpg 1 0 0 38 22
p/istockphoto-454146711-170667a.jpg 1 0 0 38 21
p/istockphoto-517346408-170667a.jpg 1 0 0 38 25
p/red-stop-sign-street-name-sunny-day-blue-sky-red-stop-sign-street-name-109435022.jpg 1 0 0 38 25
p/shutterstock_369157724.jpg 1 0 0 38 25
p/1649026576476.jpg 1 0 0 38 25
p/1649026576485.jpg 1 0 0 38 21
p/1649026576488.jpg 1 0 0 38 36
p/1649026576490.jpg 1 0 0 38 30
p/1649026576491.jpg 1 0 0 38 47
p/1649026576493.jpg 1 0 0 38 30
p/1649026576494.jpg 1 0 0 38 21
p/1649026576496.jpg 1 0 0 38 21
p/1649026576497.jpg 1 0 0 38 25
p/Front_Madison_Intersection.jpg 1 0 0 38 21
p/0x0.jpg 1 0 0 38 25
p/1200px-Stop-sign.jpg 1 0 0 38 38
p/1280px-Stop-Sign.jpg 1 0 0 38 28
p/1649026576472.jpg 1 0 0 38 25
p/1649026576474.jpg 1 0 0 38 25
p/1649026576475.jpg 1 0 0 38 25
p/2560px-Stop_Sign_in_Australia.jpg 1 0 0 38 29
p/3HP66I6ACIFWORFIWCL6TWUJ4E.jpg 1 0 0 38 25
p/All-Way-Stop-Sign.jpg 1 0 0 38 30
p/BW-Stop-Sign-Blog.jpg 1 0 0 38 25
p/e69cce9d2675dcb22a673981d33de765.jpg 1 0 0 38 38
p/four-way-stop-sign.jpg 1 0 0 38 26